ISim log file
Running: T:\fucking uni\CAD\hw1\Q3\D_FlipFlop_isim_beh.exe -intstyle ise -gui -tclbatch isim.cmd -wdb T:/fucking uni/CAD/hw1/Q3/D_FlipFlop_isim_beh.wdb 
ISim P.20131013 (signature 0x7708f090)
This is a Full version of ISim.
Time resolution is 1 ps
# onerror resume
# wave add /
# run 1000 ns
Simulator is doing circuit initialization process.
Finished circuit initialization process.
# isim force add /D_FlipFlop/e 1 -radix bin
# isim force add /D_FlipFlop/e 1 -radix bin
# isim force add /D_FlipFlop/d 1 -radix bin
# isim force add /D_FlipFlop/d 1 -radix bin
# step
Stopped at time : 1 us : File "T:/fucking uni/CAD/hw1/Q3/SR_Latch.v" Line 14
# step
Stopped at time : 1 us : File "T:/fucking uni/CAD/hw1/Q3/SR_Latch.v" Line 14
# step
Stopped at time : 1 us : File "T:/fucking uni/CAD/hw1/Q3/SR_Latch.v" Line 15
# step
Stopped at time : 1 us : File "T:/fucking uni/CAD/hw1/Q3/SR_Latch.v" Line 16
# step
Stopped at time : 1 us : File "T:/fucking uni/CAD/hw1/Q3/SR_Latch.v" Line 13
# step
Stopped at time : 1 us : File "T:/fucking uni/CAD/hw1/Q3/SR_Latch.v" Line 14
# step
Stopped at time : 1 us : File "T:/fucking uni/CAD/hw1/Q3/SR_Latch.v" Line 13
# step
Stopped at time : 1 us : File "T:/fucking uni/CAD/hw1/Q3/SR_Latch.v" Line 14
# step
Stopped at time : 1 us : File "T:/fucking uni/CAD/hw1/Q3/SR_Latch.v" Line 14
# step
Stopped at time : 1 us : File "T:/fucking uni/CAD/hw1/Q3/SR_Latch.v" Line 15
# step
Stopped at time : 1 us : File "T:/fucking uni/CAD/hw1/Q3/SR_Latch.v" Line 16
# step
Stopped at time : 1 us : File "T:/fucking uni/CAD/hw1/Q3/SR_Latch.v" Line 13
# step
Stopped at time : 1 us : File "T:/fucking uni/CAD/hw1/Q3/SR_Latch.v" Line 14
# step
Stopped at time : 1 us : File "T:/fucking uni/CAD/hw1/Q3/SR_Latch.v" Line 14
# step
Stopped at time : 1 us : File "T:/fucking uni/CAD/hw1/Q3/SR_Latch.v" Line 15
# step
Stopped at time : 1 us : File "T:/fucking uni/CAD/hw1/Q3/SR_Latch.v" Line 16
# step
Stopped at time : 1 us : File "T:/fucking uni/CAD/hw1/Q3/SR_Latch.v" Line 13
# step
Stopped at time : 1 us : File "T:/fucking uni/CAD/hw1/Q3/SR_Latch.v" Line 14
# step
Stopped at time : 1 us : File "T:/fucking uni/CAD/hw1/Q3/SR_Latch.v" Line 13
# step
# step
# step
# step
# isim force add /D_FlipFlop/e 0 -radix bin
# isim force add /D_FlipFlop/e 0 -radix bin
# step
Stopped at time : 1 us : File "T:/fucking uni/CAD/hw1/Q3/SR_Latch.v" Line 14
# step
Stopped at time : 1 us : File "T:/fucking uni/CAD/hw1/Q3/SR_Latch.v" Line 13
# step
Stopped at time : 1 us : File "T:/fucking uni/CAD/hw1/Q3/SR_Latch.v" Line 14
# step
Stopped at time : 1 us : File "T:/fucking uni/CAD/hw1/Q3/SR_Latch.v" Line 14
# step
Stopped at time : 1 us : File "T:/fucking uni/CAD/hw1/Q3/SR_Latch.v" Line 15
# step
Stopped at time : 1 us : File "T:/fucking uni/CAD/hw1/Q3/SR_Latch.v" Line 16
# step
Stopped at time : 1 us : File "T:/fucking uni/CAD/hw1/Q3/SR_Latch.v" Line 13
# step
Stopped at time : 1 us : File "T:/fucking uni/CAD/hw1/Q3/SR_Latch.v" Line 14
# step
Stopped at time : 1 us : File "T:/fucking uni/CAD/hw1/Q3/SR_Latch.v" Line 14
# step
Stopped at time : 1 us : File "T:/fucking uni/CAD/hw1/Q3/SR_Latch.v" Line 15
# step
Stopped at time : 1 us : File "T:/fucking uni/CAD/hw1/Q3/SR_Latch.v" Line 16
# step
Stopped at time : 1 us : File "T:/fucking uni/CAD/hw1/Q3/SR_Latch.v" Line 13
# step
Stopped at time : 1 us : File "T:/fucking uni/CAD/hw1/Q3/D_FlipFlop.v" Line 30
# step
Stopped at time : 1 us : File "T:/fucking uni/CAD/hw1/Q3/D_FlipFlop.v" Line 31
# step
# step
# step
# step
# step
